Using pre-set license
Built from '2020.3/staging' branch; Version is '2020.3.16f1 (049d6eca3c44) revision 302446'; Using compiler version '192528614'; Build Type 'Release'
OS: 'Windows 10 Home; OS build 19042.1237; Version 2009; 64bit' Language: 'en' Physical Memory: 16215 MB
BatchMode: 1, IsHumanControllingUs: 0, StartBugReporterOnCrash: 0, Is64bit: 1, IsPro: 0

 COMMAND LINE ARGUMENTS:
C:\Program Files\Unity\Hub\Editor\2020.3.16f1\Editor\Unity.exe
-adb2
-batchMode
-noUpm
-name
AssetImportWorker0
-projectPath
C:/Users/chris/Desktop/EscapeLiveRepo
-logFile
Logs/AssetImportWorker0.log
-srvPort
57151
Successfully changed project path to: C:/Users/chris/Desktop/EscapeLiveRepo
C:/Users/chris/Desktop/EscapeLiveRepo
Using Asset Import Pipeline V2.
Refreshing native plugins compatible for Editor in 49.62 ms, found 2 plugins.
Preloading 0 native plugins for Editor in 0.00 ms.
Initialize engine version: 2020.3.16f1 (049d6eca3c44)
[Subsystems] Discovering subsystems at path C:/Program Files/Unity/Hub/Editor/2020.3.16f1/Editor/Data/Resources/UnitySubsystems
[Subsystems] Discovering subsystems at path C:/Users/chris/Desktop/EscapeLiveRepo/Assets
GfxDevice: creating device client; threaded=0
Direct3D:
    Version:  Direct3D 11.0 [level 11.1]
    Renderer: Intel(R) UHD Graphics (ID=0x9bc4)
    Vendor:   
    VRAM:     8107 MB
    Driver:   27.20.100.8280
Initialize mono
Mono path[0] = 'C:/Program Files/Unity/Hub/Editor/2020.3.16f1/Editor/Data/Managed'
Mono path[1] = 'C:/Program Files/Unity/Hub/Editor/2020.3.16f1/Editor/Data/MonoBleedingEdge/lib/mono/unityjit'
Mono config path = 'C:/Program Files/Unity/Hub/Editor/2020.3.16f1/Editor/Data/MonoBleedingEdge/etc'
Using monoOptions --debugger-agent=transport=dt_socket,embedding=1,server=y,suspend=n,address=127.0.0.1:56280
Begin MonoManager ReloadAssembly
Registering precompiled unity dll's ...
Register platform support module: C:/Program Files/Unity/Hub/Editor/2020.3.16f1/Editor/Data/PlaybackEngines/WebGLSupport/UnityEditor.WebGL.Extensions.dll
Register platform support module: C:/Program Files/Unity/Hub/Editor/2020.3.16f1/Editor/Data/PlaybackEngines/WindowsStandaloneSupport/UnityEditor.WindowsStandalone.Extensions.dll
Registered in 0.003543 seconds.
Native extension for WindowsStandalone target not found
Native extension for WebGL target not found
Refreshing native plugins compatible for Editor in 48.54 ms, found 2 plugins.
Preloading 0 native plugins for Editor in 0.00 ms.
Mono: successfully reloaded assembly
- Completed reload, in  3.008 seconds
Domain Reload Profiling:
	ReloadAssembly (3009ms)
		BeginReloadAssembly (77ms)
			ExecutionOrderSort (0ms)
			DisableScriptedObjects (0ms)
			BackupInstance (0ms)
			ReleaseScriptingObjects (0ms)
			CreateAndSetChildDomain (1ms)
		EndReloadAssembly (581ms)
			LoadAssemblies (74ms)
			RebuildTransferFunctionScriptingTraits (0ms)
			SetupTypeCache (218ms)
			ReleaseScriptCaches (0ms)
			RebuildScriptCaches (43ms)
			SetupLoadedEditorAssemblies (220ms)
				LogAssemblyErrors (0ms)
				InitializePlatformSupportModulesInManaged (7ms)
				SetLoadedEditorAssemblies (0ms)
				RefreshPlugins (49ms)
				BeforeProcessingInitializeOnLoad (11ms)
				ProcessInitializeOnLoadAttributes (114ms)
				ProcessInitializeOnLoadMethodAttributes (39ms)
				AfterProcessingInitializeOnLoad (0ms)
				EditorAssembliesLoaded (0ms)
			ExecutionOrderSort2 (0ms)
			AwakeInstancesAfterBackupRestoration (0ms)
Platform modules already initialized, skipping
Registering precompiled user dll's ...
Registered in 0.005945 seconds.
Begin MonoManager ReloadAssembly
Native extension for WindowsStandalone target not found
Native extension for WebGL target not found
Refreshing native plugins compatible for Editor in 0.47 ms, found 2 plugins.
Preloading 0 native plugins for Editor in 0.00 ms.
Mono: successfully reloaded assembly
- Completed reload, in  1.559 seconds
Domain Reload Profiling:
	ReloadAssembly (1560ms)
		BeginReloadAssembly (207ms)
			ExecutionOrderSort (0ms)
			DisableScriptedObjects (6ms)
			BackupInstance (0ms)
			ReleaseScriptingObjects (0ms)
			CreateAndSetChildDomain (23ms)
		EndReloadAssembly (1252ms)
			LoadAssemblies (126ms)
			RebuildTransferFunctionScriptingTraits (0ms)
			SetupTypeCache (384ms)
			ReleaseScriptCaches (0ms)
			RebuildScriptCaches (62ms)
			SetupLoadedEditorAssemblies (544ms)
				LogAssemblyErrors (0ms)
				InitializePlatformSupportModulesInManaged (9ms)
				SetLoadedEditorAssemblies (1ms)
				RefreshPlugins (1ms)
				BeforeProcessingInitializeOnLoad (85ms)
				ProcessInitializeOnLoadAttributes (434ms)
				ProcessInitializeOnLoadMethodAttributes (5ms)
				AfterProcessingInitializeOnLoad (10ms)
				EditorAssembliesLoaded (0ms)
			ExecutionOrderSort2 (0ms)
			AwakeInstancesAfterBackupRestoration (12ms)
Platform modules already initialized, skipping
========================================================================
Worker process is ready to serve import requests
Launched and connected shader compiler UnityShaderCompiler.exe after 0.11 seconds
Refreshing native plugins compatible for Editor in 0.59 ms, found 2 plugins.
Preloading 0 native plugins for Editor in 0.00 ms.
Unloading 1761 Unused Serialized files (Serialized files now loaded: 0)
System memory in use before: 82.2 MB.
System memory in use after: 82.3 MB.

Unloading 19 unused Assets to reduce memory usage. Loaded Objects now: 2198.
Total: 4.185800 ms (FindLiveObjects: 0.220500 ms CreateObjectMapping: 0.132400 ms MarkObjects: 3.632100 ms  DeleteObjects: 0.199300 ms)

AssetImportParameters requested are different than current active one (requested -> active):
  custom:framework-win-MediaFoundation: 216162199b28c13a410421893ffa2e32 -> 
  custom:video-decoder-ogg-theora: a1e56fd34408186e4bbccfd4996cb3dc -> 
  custom:container-muxer-webm: aa71ff27fc2769a1b78a27578f13a17b -> 
  custom:container-demuxer-webm: 4f35f7cbe854078d1ac9338744f61a02 -> 
  custom:container-demuxer-ogg: 62fdf1f143b41e24485cea50d1cbac27 -> 
  custom:video-encoder-webm-vp8: eb34c28f22e8b96e1ab97ce403110664 -> 
  custom:video-decoder-webm-vp8: 9c59270c3fd7afecdb556c50c9e8de78 -> 
  custom:audio-decoder-ogg-vorbis: bf7c407c2cedff20999df2af8eb42d56 -> 
  custom:audio-encoder-webm-vorbis: bf7c407c2cedff20999df2af8eb42d56 -> 
========================================================================
Received Import Request.
  path: Assets/Models/Key/Models/Key_gold_mat.mat
  artifactKey: Guid(ed8f9be796d22ce41a61877771323fc8) Importer(815301076,1909f56bfc062723c751e8b465ee728b)
Start importing Assets/Models/Key/Models/Key_gold_mat.mat using Guid(ed8f9be796d22ce41a61877771323fc8) Importer(815301076,1909f56bfc062723c751e8b465ee728b)  -> (artifact id: '7fbd4104d56ebee0a6bf556701961e96') in 0.486728 seconds 
  Import took 0.490646 seconds .

========================================================================
Received Import Request.
  Time since last request: 0.000353 seconds.
  path: Assets/Models/Key/Models/Materials
  artifactKey: Guid(73cd1984abb53ee49bccf55641968725) Importer(815301076,1909f56bfc062723c751e8b465ee728b)
Start importing Assets/Models/Key/Models/Materials using Guid(73cd1984abb53ee49bccf55641968725) Importer(815301076,1909f56bfc062723c751e8b465ee728b)  -> (artifact id: 'cb1497b95aaa305204d1dd830434614a') in 0.010025 seconds 
  Import took 0.014275 seconds .

========================================================================
Received Import Request.
  Time since last request: 0.000413 seconds.
  path: Assets/Models/Key/Models
  artifactKey: Guid(22db807377557214aa937d9571ce913f) Importer(815301076,1909f56bfc062723c751e8b465ee728b)
Start importing Assets/Models/Key/Models using Guid(22db807377557214aa937d9571ce913f) Importer(815301076,1909f56bfc062723c751e8b465ee728b)  -> (artifact id: '4ac40c553cc0700117e5bd56abdb330a') in 0.017108 seconds 
  Import took 0.022389 seconds .

========================================================================
Received Import Request.
  Time since last request: 0.000404 seconds.
  path: Assets/Models
  artifactKey: Guid(0f546f1e3d3e1d24d921e477fcce42f0) Importer(815301076,1909f56bfc062723c751e8b465ee728b)
Start importing Assets/Models using Guid(0f546f1e3d3e1d24d921e477fcce42f0) Importer(815301076,1909f56bfc062723c751e8b465ee728b)  -> (artifact id: '293feee292bbdbd36f90b8efe189f445') in 0.003888 seconds 
  Import took 0.008518 seconds .

========================================================================
Received Import Request.
  Time since last request: 0.000567 seconds.
  path: Assets/Models/Key/PREVIEWitems2D_key.psd
  artifactKey: Guid(0ad577ed1594211438515f43970747bf) Importer(815301076,1909f56bfc062723c751e8b465ee728b)
Start importing Assets/Models/Key/PREVIEWitems2D_key.psd using Guid(0ad577ed1594211438515f43970747bf) Importer(815301076,1909f56bfc062723c751e8b465ee728b)  -> (artifact id: 'c6d58584bec0cc4c949be0307ec206cb') in 0.042915 seconds 
  Import took 0.048458 seconds .

========================================================================
Received Import Request.
  Time since last request: 0.000483 seconds.
  path: Assets/Models/Key/Models/Key_iron_mat.mat
  artifactKey: Guid(0275cd71d48a28e4ca8d99d740827a3f) Importer(815301076,1909f56bfc062723c751e8b465ee728b)
Start importing Assets/Models/Key/Models/Key_iron_mat.mat using Guid(0275cd71d48a28e4ca8d99d740827a3f) Importer(815301076,1909f56bfc062723c751e8b465ee728b)  -> (artifact id: '2066ec5c39acc5ad5beafb83c482d8c0') in 0.038189 seconds 
  Import took 0.044617 seconds .

========================================================================
Received Import Request.
  Time since last request: 0.000844 seconds.
  path: Assets/Models/Key/Models/Materials/pPlane3Mat.mat
  artifactKey: Guid(d3c6b1f39211ed447a5f4039a40d9236) Importer(815301076,1909f56bfc062723c751e8b465ee728b)
Start importing Assets/Models/Key/Models/Materials/pPlane3Mat.mat using Guid(d3c6b1f39211ed447a5f4039a40d9236) Importer(815301076,1909f56bfc062723c751e8b465ee728b)  -> (artifact id: '6d07f608f70e427a9a8c8df1d140fa03') in 0.028470 seconds 
  Import took 0.036719 seconds .

========================================================================
Received Import Request.
  Time since last request: 0.000641 seconds.
  path: Assets/Models/Key
  artifactKey: Guid(c596de423ffb9f446be8994790703446) Importer(815301076,1909f56bfc062723c751e8b465ee728b)
Start importing Assets/Models/Key using Guid(c596de423ffb9f446be8994790703446) Importer(815301076,1909f56bfc062723c751e8b465ee728b)  -> (artifact id: '8e8238eb943b4b635db98ce38dba7b4f') in 0.015465 seconds 
  Import took 0.021542 seconds .

========================================================================
Received Import Request.
  Time since last request: 0.000711 seconds.
  path: Assets/Models/Key/Models/key.obj
  artifactKey: Guid(5abfc2d3b5ea5d64ca95d10d1a34b677) Importer(815301076,1909f56bfc062723c751e8b465ee728b)
Start importing Assets/Models/Key/Models/key.obj using Guid(5abfc2d3b5ea5d64ca95d10d1a34b677) Importer(815301076,1909f56bfc062723c751e8b465ee728b)  -> (artifact id: 'e781d07c3b18815dc1a73a3ef7ae5db6') in 0.184983 seconds 
  Import took 0.190677 seconds .

========================================================================
Received Import Request.
  Time since last request: 240.308334 seconds.
  path: Assets/Colors/New Material 2.mat
  artifactKey: Guid(bc6780c1ae014244dbb4b637478744df) Importer(815301076,1909f56bfc062723c751e8b465ee728b)
Start importing Assets/Colors/New Material 2.mat using Guid(bc6780c1ae014244dbb4b637478744df) Importer(815301076,1909f56bfc062723c751e8b465ee728b)  -> (artifact id: '093150dc71526c35bc84c4b99c906ea2') in 0.024733 seconds 
  Import took 0.028971 seconds .

========================================================================
Received Prepare
Registering precompiled user dll's ...
Registered in 0.006038 seconds.
Begin MonoManager ReloadAssembly
Native extension for WindowsStandalone target not found
Native extension for WebGL target not found
Refreshing native plugins compatible for Editor in 0.63 ms, found 2 plugins.
Preloading 0 native plugins for Editor in 0.00 ms.
Mono: successfully reloaded assembly
- Completed reload, in  1.506 seconds
Domain Reload Profiling:
	ReloadAssembly (1507ms)
		BeginReloadAssembly (162ms)
			ExecutionOrderSort (0ms)
			DisableScriptedObjects (7ms)
			BackupInstance (0ms)
			ReleaseScriptingObjects (0ms)
			CreateAndSetChildDomain (42ms)
		EndReloadAssembly (1258ms)
			LoadAssemblies (120ms)
			RebuildTransferFunctionScriptingTraits (0ms)
			SetupTypeCache (404ms)
			ReleaseScriptCaches (1ms)
			RebuildScriptCaches (62ms)
			SetupLoadedEditorAssemblies (512ms)
				LogAssemblyErrors (0ms)
				InitializePlatformSupportModulesInManaged (10ms)
				SetLoadedEditorAssemblies (1ms)
				RefreshPlugins (1ms)
				BeforeProcessingInitializeOnLoad (76ms)
				ProcessInitializeOnLoadAttributes (408ms)
				ProcessInitializeOnLoadMethodAttributes (5ms)
				AfterProcessingInitializeOnLoad (11ms)
				EditorAssembliesLoaded (1ms)
			ExecutionOrderSort2 (0ms)
			AwakeInstancesAfterBackupRestoration (15ms)
Platform modules already initialized, skipping
Refreshing native plugins compatible for Editor in 0.46 ms, found 2 plugins.
Preloading 0 native plugins for Editor in 0.00 ms.
Unloading 1733 Unused Serialized files (Serialized files now loaded: 0)
System memory in use before: 83.7 MB.
System memory in use after: 83.8 MB.

Unloading 14 unused Assets to reduce memory usage. Loaded Objects now: 2246.
Total: 3.713500 ms (FindLiveObjects: 0.205000 ms CreateObjectMapping: 0.086200 ms MarkObjects: 3.290400 ms  DeleteObjects: 0.130200 ms)

AssetImportParameters requested are different than current active one (requested -> active):
  custom:framework-win-MediaFoundation: 216162199b28c13a410421893ffa2e32 -> 
  custom:video-decoder-ogg-theora: a1e56fd34408186e4bbccfd4996cb3dc -> 
  custom:container-muxer-webm: aa71ff27fc2769a1b78a27578f13a17b -> 
  custom:container-demuxer-webm: 4f35f7cbe854078d1ac9338744f61a02 -> 
  custom:container-demuxer-ogg: 62fdf1f143b41e24485cea50d1cbac27 -> 
  custom:video-encoder-webm-vp8: eb34c28f22e8b96e1ab97ce403110664 -> 
  custom:video-decoder-webm-vp8: 9c59270c3fd7afecdb556c50c9e8de78 -> 
  custom:audio-decoder-ogg-vorbis: bf7c407c2cedff20999df2af8eb42d56 -> 
  custom:audio-encoder-webm-vorbis: bf7c407c2cedff20999df2af8eb42d56 -> 
AssetImportWorkerClient::OnTransportError - code=2 error=End of file
